connected to 10.10.76.115:undefined

Sent
  type:0x12(PRELOGIN), status:0x01(EOM), length:0x002F, spid:0x0000, packetId:0x01, window:0x00
  0000  00001A00 06010020 00010200 21000103 00220004 04002600 01FF0000 00010001  ....... ....!... ."....&. ........
  0020  02000000 000000  .......
  PreLogin - version:0.0.0.1 1, encryption:0x02(NOT_SUP), instopt:0x00, threadId:0x00000000, mars:0x00(OFF)
State change: Connecting -> SentPrelogin

Received
  type:0x04(TABULAR_RESULT), status:0x01(EOM), length:0x002B, spid:0x0000, packetId:0x01, window:0x00
  0000  00001A00 06010020 00010200 21000103 00220000 04002200 01FF0C00 14570000  ....... ....!... ."....". .....W..
  0020  020000  ...
  PreLogin - version:12.0.20.87 0, encryption:0x02(NOT_SUP), instopt:0x00, threadId:0x00000000, mars:0x00(OFF)

Sent
  type:0x10(LOGIN7), status:0x01(EOM), length:0x012A, spid:0x0000, packetId:0x01, window:0x00
  0000  22010000 04000074 00100000 00000000 D27A0000 00000000 E0000008 88FFFFFF  "......t........ .z...... ........
  0020  09040000 5E002200 A2001000 C2000900 D4000A00 E8000C00 00010000 00010700  ....^.". ........ ........ ........
  0040  0E010000 0E010A00 01020304 05062201 00002201 00002201 00000000 00006600  ........ ......". .."...". ......f.
  0060  6C006F00 6F007200 36002D00 48005000 2D004300 6F006D00 70006100 71002D00  l.o.o.r. 6.-.H.P. -.C.o.m. p.a.q.-.
  0080  38003000 30003000 2D004500 6C006900 74006500 2D004300 4D005400 2D005000  8.0.0.0. -.E.l.i. t.e.-.C. M.T.-.P.
  00A0  43006100 70006100 6E006100 67006900 6F007400 6F007000 6F007500 6C006F00  C.a.p.a. n.a.g.i. o.t.o.p. o.u.l.o.
  00C0  7300B3A5 92A5E3A5 B0A5D0A5 F1A5B6A5 A1A5C6A5 6E006F00 64006500 2D006D00  s....... ........ ....n.o. d.e.-.m.
  00E0  73007300 71006C00 31003000 2E003100 30002E00 37003600 2E003100 31003500  s.s.q.l. 1.0...1. 0...7.6. ..1.1.5.
  0100  54006500 64006900 6F007500 73004D00 49005300 5F004400 42005F00 44004500  T.e.d.i. o.u.s.M. I.S._.D. B._.D.E.
  0120  5600  V.
  Login7 - TDS:0x74000004, PacketSize:0x00001000, ClientProgVer:0x00000000, ClientPID:0x00007AD2, ConnectionID:0x00000000
           Flags1:0xE0, Flags2:0x00, TypeFlags:0x00, Flags3:0x08, ClientTimezone:-120, ClientLCID:0x00000409
           Hostname:'floor6-HP-Compaq-8000-Elite-CMT-PC', Username:'apanagiotopoulos', Password:'asdQWE1@6', AppName:'node-mssql', ServerName:'10.10.76.115', LibraryName:'Tedious'
           Language:'undefined', Database:'MIS_DB_DEV', SSPI:'', AttachDbFile:'', ChangePassword:''
State change: SentPrelogin -> SentLogin7WithStandardLogin

Received
  type:0x04(TABULAR_RESULT), status:0x01(EOM), length:0x01C1, spid:0x008A, packetId:0x01, window:0x00
  0000  E3230001 0A4D0049 0053005F 00440042 005F0044 00450056 00066D00 61007300  .#...M.I.S._.D.B._.D.E.V..m.a.s.
  0020  74006500 7200AB88 00451600 00020029 00430068 0061006E 00670065 00640020  t.e.r... .E.....).C.h.a.n.g.e.d. 
  0040  00640061 00740061 00620061 00730065 00200063 006F006E 00740065 00780074  .d.a.t.a.b.a.s.e. .c.o.n.t.e.x.t
  0060  00200074 006F0020 0027004D 00490053 005F0044 0042005F 00440045 00560027  . .t.o. .'.M.I.S._.D.B._.D.E.V.'
  0080  002E0014 53005400 41004700 49004E00 47002D00 44004200 5C005300 54004100  ....S.T. A.G.I.N. G.-.D.B. \.S.T.A.
  00A0  47004900 4E004700 44004200 00010000 00E30800 07050804 D0000000 E3170002  G.I.N.G. D.B..... ........ ........
  00C0  0A750073 005F0065 006E0067 006C0069 00730068 0000AB84 00471600 00010027  .u.s._.e.n.g.l.i.s.h.... .G.....'
  00E0  00430068 0061006E 00670065 00640020 006C0061 006E0067 00750061 00670065  .C.h.a.n.g.e.d. .l.a.n.g.u.a.g.e
  0100  00200073 00650074 00740069 006E0067 00200074 006F0020 00750073 005F0065  . .s.e.t.t.i.n.g. .t.o. .u.s._.e
  0120  006E0067 006C0069 00730068 002E0014 53005400 41004700 49004E00 47002D00  .n.g.l.i.s.h.... S.T.A.G. I.N.G.-.
  0140  44004200 5C005300 54004100 47004900 4E004700 44004200 00010000 00AD3600  D.B.\.S. T.A.G.I. N.G.D.B. ......6.
  0160  01740000 04164D00 69006300 72006F00 73006F00 66007400 20005300 51004C00  .t....M. i.c.r.o. s.o.f.t.  .S.Q.L.
  0180  20005300 65007200 76006500 72000000 00000C00 1457E313 00040434 00300039   .S.e.r. v.e.r... .....W.. ...4.0.9
  01A0  00360004 34003000 39003600 FD000000 00000000 00000000 00  .6..4.0. 9.6..... ........ .
Packet size changed from 4096 to 4096
State change: SentLogin7WithStandardLogin -> LoggedInSendingInitialSql

Sent
  type:0x01(SQL_BATCH), status:0x01(EOM), length:0x0334, spid:0x0000, packetId:0x01, window:0x00
  0000  16000000 12000000 02000000 00000000 00000100 00007300 65007400 20007400  ........ ........ ......s. e.t. .t.
  0020  65007800 74007300 69007A00 65002000 32003100 34003700 34003800 33003600  e.x.t.s. i.z.e. . 2.1.4.7. 4.8.3.6.
  0040  34003700 0A007300 65007400 20007100 75006F00 74006500 64005F00 69006400  4.7...s. e.t. .q. u.o.t.e. d._.i.d.
  0060  65006E00 74006900 66006900 65007200 20006F00 6E000A00 73006500 74002000  e.n.t.i. f.i.e.r.  .o.n... s.e.t. .
  0080  61007200 69007400 68006100 62006F00 72007400 20006F00 66006600 0A007300  a.r.i.t. h.a.b.o. r.t. .o. f.f...s.
  00A0  65007400 20006E00 75006D00 65007200 69006300 5F007200 6F007500 6E006400  e.t. .n. u.m.e.r. i.c._.r. o.u.n.d.
  00C0  61006200 6F007200 74002000 6F006600 66000A00 73006500 74002000 61006E00  a.b.o.r. t. .o.f. f...s.e. t. .a.n.
  00E0  73006900 5F007700 61007200 6E006900 6E006700 73002000 6F006E00 0A007300  s.i._.w. a.r.n.i. n.g.s. . o.n...s.
  0100  65007400 20006100 6E007300 69005F00 70006100 64006400 69006E00 67002000  e.t. .a. n.s.i._. p.a.d.d. i.n.g. .
  0120  6F006E00 0A007300 65007400 20006100 6E007300 69005F00 6E007500 6C006C00  o.n...s. e.t. .a. n.s.i._. n.u.l.l.
  0140  73002000 6F006E00 0A007300 65007400 20006100 6E007300 69005F00 6E007500  s. .o.n. ..s.e.t.  .a.n.s. i._.n.u.
  0160  6C006C00 5F006400 66006C00 74005F00 6F006E00 20006F00 6E000A00 73006500  l.l._.d. f.l.t._. o.n. .o. n...s.e.
  0180  74002000 63006F00 6E006300 61007400 5F006E00 75006C00 6C005F00 79006900  t. .c.o. n.c.a.t. _.n.u.l. l._.y.i.
  01A0  65006C00 64007300 5F006E00 75006C00 6C002000 6F006E00 0A007300 65007400  e.l.d.s. _.n.u.l. l. .o.n. ..s.e.t.
  01C0  20006300 75007200 73006F00 72005F00 63006C00 6F007300 65005F00 6F006E00   .c.u.r. s.o.r._. c.l.o.s. e._.o.n.
  01E0  5F006300 6F006D00 6D006900 74002000 6F006600 66000A00 73006500 74002000  _.c.o.m. m.i.t. . o.f.f... s.e.t. .
  0200  69006D00 70006C00 69006300 69007400 5F007400 72006100 6E007300 61006300  i.m.p.l. i.c.i.t. _.t.r.a. n.s.a.c.
  0220  74006900 6F006E00 73002000 6F006600 66000A00 73006500 74002000 6C006100  t.i.o.n. s. .o.f. f...s.e. t. .l.a.
  0240  6E006700 75006100 67006500 20007500 73005F00 65006E00 67006C00 69007300  n.g.u.a. g.e. .u. s._.e.n. g.l.i.s.
  0260  68000A00 73006500 74002000 64006100 74006500 66006F00 72006D00 61007400  h...s.e. t. .d.a. t.e.f.o. r.m.a.t.
  0280  20006D00 64007900 0A007300 65007400 20006400 61007400 65006600 69007200   .m.d.y. ..s.e.t.  .d.a.t. e.f.i.r.
  02A0  73007400 20003700 0A007300 65007400 20007400 72006100 6E007300 61006300  s.t. .7. ..s.e.t.  .t.r.a. n.s.a.c.
  02C0  74006900 6F006E00 20006900 73006F00 6C006100 74006900 6F006E00 20006C00  t.i.o.n.  .i.s.o. l.a.t.i. o.n. .l.
  02E0  65007600 65006C00 20007200 65006100 64002000 63006F00 6D006D00 69007400  e.v.e.l.  .r.e.a. d. .c.o. m.m.i.t.
  0300  74006500 64000A00 73006500 74002000 78006100 63007400 5F006100 62006F00  t.e.d... s.e.t. . x.a.c.t. _.a.b.o.
  0320  72007400 20006F00 66006600   r.t. .o. f.f.

Received
  type:0x04(TABULAR_RESULT), status:0x01(EOM), length:0x0180, spid:0x008A, packetId:0x01, window:0x00
  0000  FD0100BE 00000000 00000000 00FD0100 BA000000 00000000 0000FD01 00BA0000  ........ ........ ........ ........
  0020  00000000 000000FD 0100B900 00000000 00000000 FD0100B9 00000000 00000000  ........ ........ ........ ........
  0040  00FD0100 B9000000 00000000 0000FD01 00B90000 00000000 000000FD 0100B900  ........ ........ ........ ........
  0060  00000000 00000000 FD0100BA 00000000 00000000 00FD0100 BA000000 00000000  ........ ........ ........ ........
  0080  0000E32B 00020A75 0073005F 0065006E 0067006C 00690073 0068000A 75007300  ...+...u.s._.e.n.g.l.i.s.h..u.s.
  00A0  5F006500 6E006700 6C006900 73006800 AB840047 16000001 00270043 00680061  _.e.n.g. l.i.s.h. ...G.... .'.C.h.a
  00C0  006E0067 00650064 0020006C 0061006E 00670075 00610067 00650020 00730065  .n.g.e.d. .l.a.n.g.u.a.g.e. .s.e
  00E0  00740074 0069006E 00670020 0074006F 00200075 0073005F 0065006E 0067006C  .t.t.i.n.g. .t.o. .u.s._.e.n.g.l
  0100  00690073 0068002E 00145300 54004100 47004900 4E004700 2D004400 42005C00  .i.s.h....S.T.A. G.I.N.G. -.D.B.\.
  0120  53005400 41004700 49004E00 47004400 4200000C 000000FD 0100F900 00000000  S.T.A.G. I.N.G.D. B....... ........
  0140  00000000 FD0100F9 00000000 00000000 00FD0100 F9000000 00000000 0000FD01  ........ ........ ........ ........
  0160  00F90000 00000000 000000FD 0000BA00 00000000 00000000   ........ ........ ........ 
State change: LoggedInSendingInitialSql -> LoggedIn

Sent
  type:0x03(RPC_REQUEST), status:0x01(EOM), length:0x0168, spid:0x0000, packetId:0x01, window:0x00
  0000  16000000 12000000 02000000 00000000 00000100 00000D00 73007000 5F006500  ........ ........ ........ s.p._.e.
  0020  78006500 63007500 74006500 73007100 6C000000 0A400073 00740061 00740065  x.e.c.u. t.e.s.q. l....@.s.t.a.t.e
  0040  006D0065 006E0074 0000E70C 01000000 00000C01 69006E00 73006500 72007400  .m.e.n.t........ ....i.n. s.e.r.t.
  0060  20006900 6E007400 6F002000 49006E00 76006900 74006100 74006900 6F006E00   .i.n.t. o. .I.n. v.i.t.a. t.i.o.n.
  0080  5F004300 61006C00 6C005000 68006100 73006500 5F004400 61007400 65002000  _.C.a.l. l.P.h.a. s.e._.D. a.t.e. .
  00A0  28004900 6E007600 69007400 61007400 69006F00 6E004900 44002C00 20004300  (.I.n.v. i.t.a.t. i.o.n.I. D.,. .C.
  00C0  61006C00 6C005000 68006100 73006500 49004400 2C002000 69007300 41006300  a.l.l.P. h.a.s.e. I.D.,. . i.s.A.c.
  00E0  74006900 76006500 2C002000 53007400 61007200 74004400 61007400 65002C00  t.i.v.e. ,. .S.t. a.r.t.D. a.t.e.,.
  0100  20004500 6E006400 44006100 74006500 29007600 61006C00 75006500 73002000   .E.n.d. D.a.t.e. ).v.a.l. u.e.s. .
  0120  28003100 2C002000 35002C00 20007400 72007500 65002C00 20002700 32003100  (.1.,. . 5.,. .t. r.u.e.,.  .'.2.1.
  0140  33007100 73006100 27002C00 20002700 71003200 77007100 77002700 29002000  3.q.s.a. '.,. .'. q.2.w.q. w.'.). .
  RPC Request - sp_executesql
State change: LoggedIn -> SentClientRequest

Received
  type:0x04(TABULAR_RESULT), status:0x01(EOM), length:0x0089, spid:0x008A, packetId:0x01, window:0x00
  0000  AA6C00CF 00000001 101B0049 006E0076 0061006C 00690064 00200063 006F006C  .l...... ...I.n.v.a.l.i.d. .c.o.l
  0020  0075006D 006E0020 006E0061 006D0065 00200027 00740072 00750065 0027002E  .u.m.n. .n.a.m.e. .'.t.r.u.e.'..
  0040  00145300 54004100 47004900 4E004700 2D004400 42005C00 53005400 41004700  ..S.T.A. G.I.N.G. -.D.B.\. S.T.A.G.
  0060  49004E00 47004400 42000001 00000079 CF000000 FE0200E0 00000000 00000000  I.N.G.D. B......y........ ........
  0080  00  .
State change: SentClientRequest -> LoggedIn
State change: LoggedIn -> Final
connection to 10.10.76.115:undefined closed
State is already Final
connected to 10.10.76.115:undefined

Sent
  type:0x12(PRELOGIN), status:0x01(EOM), length:0x002F, spid:0x0000, packetId:0x01, window:0x00
  0000  00001A00 06010020 00010200 21000103 00220004 04002600 01FF0000 00010001  ....... ....!... ."....&. ........
  0020  02000000 000000  .......
  PreLogin - version:0.0.0.1 1, encryption:0x02(NOT_SUP), instopt:0x00, threadId:0x00000000, mars:0x00(OFF)
State change: Connecting -> SentPrelogin

Received
  type:0x04(TABULAR_RESULT), status:0x01(EOM), length:0x002B, spid:0x0000, packetId:0x01, window:0x00
  0000  00001A00 06010020 00010200 21000103 00220000 04002200 01FF0C00 14570000  ....... ....!... ."....". .....W..
  0020  020000  ...
  PreLogin - version:12.0.20.87 0, encryption:0x02(NOT_SUP), instopt:0x00, threadId:0x00000000, mars:0x00(OFF)

Sent
  type:0x10(LOGIN7), status:0x01(EOM), length:0x012A, spid:0x0000, packetId:0x01, window:0x00
  0000  22010000 04000074 00100000 00000000 D27A0000 00000000 E0000008 88FFFFFF  "......t........ .z...... ........
  0020  09040000 5E002200 A2001000 C2000900 D4000A00 E8000C00 00010000 00010700  ....^.". ........ ........ ........
  0040  0E010000 0E010A00 01020304 05062201 00002201 00002201 00000000 00006600  ........ ......". .."...". ......f.
  0060  6C006F00 6F007200 36002D00 48005000 2D004300 6F006D00 70006100 71002D00  l.o.o.r. 6.-.H.P. -.C.o.m. p.a.q.-.
  0080  38003000 30003000 2D004500 6C006900 74006500 2D004300 4D005400 2D005000  8.0.0.0. -.E.l.i. t.e.-.C. M.T.-.P.
  00A0  43006100 70006100 6E006100 67006900 6F007400 6F007000 6F007500 6C006F00  C.a.p.a. n.a.g.i. o.t.o.p. o.u.l.o.
  00C0  7300B3A5 92A5E3A5 B0A5D0A5 F1A5B6A5 A1A5C6A5 6E006F00 64006500 2D006D00  s....... ........ ....n.o. d.e.-.m.
  00E0  73007300 71006C00 31003000 2E003100 30002E00 37003600 2E003100 31003500  s.s.q.l. 1.0...1. 0...7.6. ..1.1.5.
  0100  54006500 64006900 6F007500 73004D00 49005300 5F004400 42005F00 44004500  T.e.d.i. o.u.s.M. I.S._.D. B._.D.E.
  0120  5600  V.
  Login7 - TDS:0x74000004, PacketSize:0x00001000, ClientProgVer:0x00000000, ClientPID:0x00007AD2, ConnectionID:0x00000000
           Flags1:0xE0, Flags2:0x00, TypeFlags:0x00, Flags3:0x08, ClientTimezone:-120, ClientLCID:0x00000409
           Hostname:'floor6-HP-Compaq-8000-Elite-CMT-PC', Username:'apanagiotopoulos', Password:'asdQWE1@6', AppName:'node-mssql', ServerName:'10.10.76.115', LibraryName:'Tedious'
           Language:'undefined', Database:'MIS_DB_DEV', SSPI:'', AttachDbFile:'', ChangePassword:''
State change: SentPrelogin -> SentLogin7WithStandardLogin

Received
  type:0x04(TABULAR_RESULT), status:0x01(EOM), length:0x01C1, spid:0x00A2, packetId:0x01, window:0x00
  0000  E3230001 0A4D0049 0053005F 00440042 005F0044 00450056 00066D00 61007300  .#...M.I.S._.D.B._.D.E.V..m.a.s.
  0020  74006500 7200AB88 00451600 00020029 00430068 0061006E 00670065 00640020  t.e.r... .E.....).C.h.a.n.g.e.d. 
  0040  00640061 00740061 00620061 00730065 00200063 006F006E 00740065 00780074  .d.a.t.a.b.a.s.e. .c.o.n.t.e.x.t
  0060  00200074 006F0020 0027004D 00490053 005F0044 0042005F 00440045 00560027  . .t.o. .'.M.I.S._.D.B._.D.E.V.'
  0080  002E0014 53005400 41004700 49004E00 47002D00 44004200 5C005300 54004100  ....S.T. A.G.I.N. G.-.D.B. \.S.T.A.
  00A0  47004900 4E004700 44004200 00010000 00E30800 07050804 D0000000 E3170002  G.I.N.G. D.B..... ........ ........
  00C0  0A750073 005F0065 006E0067 006C0069 00730068 0000AB84 00471600 00010027  .u.s._.e.n.g.l.i.s.h.... .G.....'
  00E0  00430068 0061006E 00670065 00640020 006C0061 006E0067 00750061 00670065  .C.h.a.n.g.e.d. .l.a.n.g.u.a.g.e
  0100  00200073 00650074 00740069 006E0067 00200074 006F0020 00750073 005F0065  . .s.e.t.t.i.n.g. .t.o. .u.s._.e
  0120  006E0067 006C0069 00730068 002E0014 53005400 41004700 49004E00 47002D00  .n.g.l.i.s.h.... S.T.A.G. I.N.G.-.
  0140  44004200 5C005300 54004100 47004900 4E004700 44004200 00010000 00AD3600  D.B.\.S. T.A.G.I. N.G.D.B. ......6.
  0160  01740000 04164D00 69006300 72006F00 73006F00 66007400 20005300 51004C00  .t....M. i.c.r.o. s.o.f.t.  .S.Q.L.
  0180  20005300 65007200 76006500 72000000 00000C00 1457E313 00040434 00300039   .S.e.r. v.e.r... .....W.. ...4.0.9
  01A0  00360004 34003000 39003600 FD000000 00000000 00000000 00  .6..4.0. 9.6..... ........ .
Packet size changed from 4096 to 4096
State change: SentLogin7WithStandardLogin -> LoggedInSendingInitialSql

Sent
  type:0x01(SQL_BATCH), status:0x01(EOM), length:0x0334, spid:0x0000, packetId:0x01, window:0x00
  0000  16000000 12000000 02000000 00000000 00000100 00007300 65007400 20007400  ........ ........ ......s. e.t. .t.
  0020  65007800 74007300 69007A00 65002000 32003100 34003700 34003800 33003600  e.x.t.s. i.z.e. . 2.1.4.7. 4.8.3.6.
  0040  34003700 0A007300 65007400 20007100 75006F00 74006500 64005F00 69006400  4.7...s. e.t. .q. u.o.t.e. d._.i.d.
  0060  65006E00 74006900 66006900 65007200 20006F00 6E000A00 73006500 74002000  e.n.t.i. f.i.e.r.  .o.n... s.e.t. .
  0080  61007200 69007400 68006100 62006F00 72007400 20006F00 66006600 0A007300  a.r.i.t. h.a.b.o. r.t. .o. f.f...s.
  00A0  65007400 20006E00 75006D00 65007200 69006300 5F007200 6F007500 6E006400  e.t. .n. u.m.e.r. i.c._.r. o.u.n.d.
  00C0  61006200 6F007200 74002000 6F006600 66000A00 73006500 74002000 61006E00  a.b.o.r. t. .o.f. f...s.e. t. .a.n.
  00E0  73006900 5F007700 61007200 6E006900 6E006700 73002000 6F006E00 0A007300  s.i._.w. a.r.n.i. n.g.s. . o.n...s.
  0100  65007400 20006100 6E007300 69005F00 70006100 64006400 69006E00 67002000  e.t. .a. n.s.i._. p.a.d.d. i.n.g. .
  0120  6F006E00 0A007300 65007400 20006100 6E007300 69005F00 6E007500 6C006C00  o.n...s. e.t. .a. n.s.i._. n.u.l.l.
  0140  73002000 6F006E00 0A007300 65007400 20006100 6E007300 69005F00 6E007500  s. .o.n. ..s.e.t.  .a.n.s. i._.n.u.
  0160  6C006C00 5F006400 66006C00 74005F00 6F006E00 20006F00 6E000A00 73006500  l.l._.d. f.l.t._. o.n. .o. n...s.e.
  0180  74002000 63006F00 6E006300 61007400 5F006E00 75006C00 6C005F00 79006900  t. .c.o. n.c.a.t. _.n.u.l. l._.y.i.
  01A0  65006C00 64007300 5F006E00 75006C00 6C002000 6F006E00 0A007300 65007400  e.l.d.s. _.n.u.l. l. .o.n. ..s.e.t.
  01C0  20006300 75007200 73006F00 72005F00 63006C00 6F007300 65005F00 6F006E00   .c.u.r. s.o.r._. c.l.o.s. e._.o.n.
  01E0  5F006300 6F006D00 6D006900 74002000 6F006600 66000A00 73006500 74002000  _.c.o.m. m.i.t. . o.f.f... s.e.t. .
  0200  69006D00 70006C00 69006300 69007400 5F007400 72006100 6E007300 61006300  i.m.p.l. i.c.i.t. _.t.r.a. n.s.a.c.
  0220  74006900 6F006E00 73002000 6F006600 66000A00 73006500 74002000 6C006100  t.i.o.n. s. .o.f. f...s.e. t. .l.a.
  0240  6E006700 75006100 67006500 20007500 73005F00 65006E00 67006C00 69007300  n.g.u.a. g.e. .u. s._.e.n. g.l.i.s.
  0260  68000A00 73006500 74002000 64006100 74006500 66006F00 72006D00 61007400  h...s.e. t. .d.a. t.e.f.o. r.m.a.t.
  0280  20006D00 64007900 0A007300 65007400 20006400 61007400 65006600 69007200   .m.d.y. ..s.e.t.  .d.a.t. e.f.i.r.
  02A0  73007400 20003700 0A007300 65007400 20007400 72006100 6E007300 61006300  s.t. .7. ..s.e.t.  .t.r.a. n.s.a.c.
  02C0  74006900 6F006E00 20006900 73006F00 6C006100 74006900 6F006E00 20006C00  t.i.o.n.  .i.s.o. l.a.t.i. o.n. .l.
  02E0  65007600 65006C00 20007200 65006100 64002000 63006F00 6D006D00 69007400  e.v.e.l.  .r.e.a. d. .c.o. m.m.i.t.
  0300  74006500 64000A00 73006500 74002000 78006100 63007400 5F006100 62006F00  t.e.d... s.e.t. . x.a.c.t. _.a.b.o.
  0320  72007400 20006F00 66006600   r.t. .o. f.f.

Received
  type:0x04(TABULAR_RESULT), status:0x01(EOM), length:0x0180, spid:0x00A2, packetId:0x01, window:0x00
  0000  FD0100BE 00000000 00000000 00FD0100 BA000000 00000000 0000FD01 00BA0000  ........ ........ ........ ........
  0020  00000000 000000FD 0100B900 00000000 00000000 FD0100B9 00000000 00000000  ........ ........ ........ ........
  0040  00FD0100 B9000000 00000000 0000FD01 00B90000 00000000 000000FD 0100B900  ........ ........ ........ ........
  0060  00000000 00000000 FD0100BA 00000000 00000000 00FD0100 BA000000 00000000  ........ ........ ........ ........
  0080  0000E32B 00020A75 0073005F 0065006E 0067006C 00690073 0068000A 75007300  ...+...u.s._.e.n.g.l.i.s.h..u.s.
  00A0  5F006500 6E006700 6C006900 73006800 AB840047 16000001 00270043 00680061  _.e.n.g. l.i.s.h. ...G.... .'.C.h.a
  00C0  006E0067 00650064 0020006C 0061006E 00670075 00610067 00650020 00730065  .n.g.e.d. .l.a.n.g.u.a.g.e. .s.e
  00E0  00740074 0069006E 00670020 0074006F 00200075 0073005F 0065006E 0067006C  .t.t.i.n.g. .t.o. .u.s._.e.n.g.l
  0100  00690073 0068002E 00145300 54004100 47004900 4E004700 2D004400 42005C00  .i.s.h....S.T.A. G.I.N.G. -.D.B.\.
  0120  53005400 41004700 49004E00 47004400 4200000C 000000FD 0100F900 00000000  S.T.A.G. I.N.G.D. B....... ........
  0140  00000000 FD0100F9 00000000 00000000 00FD0100 F9000000 00000000 0000FD01  ........ ........ ........ ........
  0160  00F90000 00000000 000000FD 0000BA00 00000000 00000000   ........ ........ ........ 
State change: LoggedInSendingInitialSql -> LoggedIn

Sent
  type:0x03(RPC_REQUEST), status:0x01(EOM), length:0x00AA, spid:0x0000, packetId:0x01, window:0x00
  0000  16000000 12000000 02000000 00000000 00000100 00000D00 73007000 5F006500  ........ ........ ........ s.p._.e.
  0020  78006500 63007500 74006500 73007100 6C000000 0A400073 00740061 00740065  x.e.c.u. t.e.s.q. l....@.s.t.a.t.e
  0040  006D0065 006E0074 0000E74E 00000000 00004E00 73006500 6C006500 63007400  .m.e.n.t...N.... ..N.s.e. l.e.c.t.
  0060  20004E00 61006D00 65002000 66007200 6F006D00 20004900 6E007600 69007400   .N.a.m. e. .f.r. o.m. .I. n.v.i.t.
  0080  61007400 69006F00 6E002000 77006800 65007200 65002000 49004400 3D003100  a.t.i.o. n. .w.h. e.r.e. . I.D.=.1.
  00A0  3B00  ;.
  RPC Request - sp_executesql
State change: LoggedIn -> SentClientRequest

Received
  type:0x04(TABULAR_RESULT), status:0x01(EOM), length:0x0054, spid:0x00A2, packetId:0x01, window:0x00
  0000  81010000 00000009 00A7FF00 0804D000 00044E00 61006D00 6500D110 00CDDDE5  ........ ........ ..N.a.m. e.......
  0020  F220D4EF F5F1E9F3 F4E9EADD F2FF1100 C1000100 00000000 00007900 000000FE  . ...... ........ ........ ..y.....
  0040  0000E000 00000000 00000000   ........ ....
State change: SentClientRequest -> LoggedIn

Sent
  type:0x03(RPC_REQUEST), status:0x01(EOM), length:0x00D8, spid:0x0000, packetId:0x01, window:0x00
  0000  16000000 12000000 02000000 00000000 00000100 00000D00 73007000 5F006500  ........ ........ ........ s.p._.e.
  0020  78006500 63007500 74006500 73007100 6C000000 0A400073 00740061 00740065  x.e.c.u. t.e.s.q. l....@.s.t.a.t.e
  0040  006D0065 006E0074 0000E77C 00000000 00007C00 73006500 6C006500 63007400  .m.e.n.t...|.... ..|.s.e. l.e.c.t.
  0060  20002A00 20006600 72006F00 6D002000 49006E00 76006900 74006100 74006900   .*. .f. r.o.m. . I.n.v.i. t.a.t.i.
  0080  6F006E00 5F004300 61006C00 6C005000 68006100 73006500 5F004400 61007400  o.n._.C. a.l.l.P. h.a.s.e. _.D.a.t.
  00A0  65002000 77006800 65007200 65002000 49006E00 76006900 74006100 74006900  e. .w.h. e.r.e. . I.n.v.i. t.a.t.i.
  00C0  6F006E00 49004400 20003D00 20003100   o.n.I.D.  .=. .1. 
  RPC Request - sp_executesql
State change: LoggedIn -> SentClientRequest

Received
  type:0x04(TABULAR_RESULT), status:0x01(EOM), length:0x00BE, spid:0x00A2, packetId:0x01, window:0x00
  0000  81060000 00000010 00380249 00440000 00000008 00380C49 006E0076 00690074  ........ .8.I.D.. .....8.I.n.v.i.t
  0020  00610074 0069006F 006E0049 00440000 00000008 00380B43 0061006C 006C0050  .a.t.i.o.n.I.D.. .....8.C.a.l.l.P
  0040  00680061 00730065 00490044 00000000 00090026 01086900 73004100 63007400  .h.a.s.e.I.D.... ...&..i. s.A.c.t.
  0060  69007600 65000000 00000800 3D095300 74006100 72007400 44006100 74006500  i.v.e... ....=.S. t.a.r.t. D.a.t.e.
  0080  00000000 09006F08 0745006E 00640044 00610074 006500FF 1100C100 00000000  ......o. .E.n.d.D.a.t.e.. ........
  00A0  00000000 79000000 00FE0000 E0000000 00000000 0000  ....y... ........ ......
State change: SentClientRequest -> LoggedIn

Sent
  type:0x03(RPC_REQUEST), status:0x01(EOM), length:0x0162, spid:0x0000, packetId:0x01, window:0x00
  0000  16000000 12000000 02000000 00000000 00000100 00000D00 73007000 5F006500  ........ ........ ........ s.p._.e.
  0020  78006500 63007500 74006500 73007100 6C000000 0A400073 00740061 00740065  x.e.c.u. t.e.s.q. l....@.s.t.a.t.e
  0040  006D0065 006E0074 0000E706 01000000 00000601 69006E00 73006500 72007400  .m.e.n.t........ ....i.n. s.e.r.t.
  0060  20006900 6E007400 6F002000 49006E00 76006900 74006100 74006900 6F006E00   .i.n.t. o. .I.n. v.i.t.a. t.i.o.n.
  0080  5F004300 61006C00 6C005000 68006100 73006500 5F004400 61007400 65002000  _.C.a.l. l.P.h.a. s.e._.D. a.t.e. .
  00A0  28004900 6E007600 69007400 61007400 69006F00 6E004900 44002C00 20004300  (.I.n.v. i.t.a.t. i.o.n.I. D.,. .C.
  00C0  61006C00 6C005000 68006100 73006500 49004400 2C002000 69007300 41006300  a.l.l.P. h.a.s.e. I.D.,. . i.s.A.c.
  00E0  74006900 76006500 2C002000 53007400 61007200 74004400 61007400 65002C00  t.i.v.e. ,. .S.t. a.r.t.D. a.t.e.,.
  0100  20004500 6E006400 44006100 74006500 29007600 61006C00 75006500 73002000   .E.n.d. D.a.t.e. ).v.a.l. u.e.s. .
  0120  28003100 2C002000 34002C00 20003000 2C002000 27007700 73006500 77006500  (.1.,. . 4.,. .0. ,. .'.w. s.e.w.e.
  0140  27002C00 20002700 77006500 77006500 77006500 27002900 2000  '.,. .'. w.e.w.e. w.e.'.).  .
  RPC Request - sp_executesql
State change: LoggedIn -> SentClientRequest

Received
  type:0x04(TABULAR_RESULT), status:0x01(EOM), length:0x00E0, spid:0x00A2, packetId:0x01, window:0x00
  0000  AAC800F1 00000001 10490043 006F006E 00760065 00720073 0069006F 006E0020  ........ .I.C.o.n.v.e.r.s.i.o.n. 
  0020  00660061 0069006C 00650064 00200077 00680065 006E0020 0063006F 006E0076  .f.a.i.l.e.d. .w.h.e.n. .c.o.n.v
  0040  00650072 00740069 006E0067 00200064 00610074 00650020 0061006E 0064002F  .e.r.t.i.n.g. .d.a.t.e. .a.n.d./
  0060  006F0072 00200074 0069006D 00650020 00660072 006F006D 00200063 00680061  .o.r. .t.i.m.e. .f.r.o.m. .c.h.a
  0080  00720061 00630074 00650072 00200073 00740072 0069006E 0067002E 00145300  .r.a.c.t.e.r. .s.t.r.i.n.g....S.
  00A0  54004100 47004900 4E004700 2D004400 42005C00 53005400 41004700 49004E00  T.A.G.I. N.G.-.D. B.\.S.T. A.G.I.N.
  00C0  47004400 42000001 000000FE 0200E000 00000000 00000000   G.D.B... ........ ........ 
State change: SentClientRequest -> LoggedIn
State change: LoggedIn -> Final
connection to 10.10.76.115:undefined closed
State is already Final
connected to 10.10.76.115:undefined

Sent
  type:0x12(PRELOGIN), status:0x01(EOM), length:0x002F, spid:0x0000, packetId:0x01, window:0x00
  0000  00001A00 06010020 00010200 21000103 00220004 04002600 01FF0000 00010001  ....... ....!... ."....&. ........
  0020  02000000 000000  .......
  PreLogin - version:0.0.0.1 1, encryption:0x02(NOT_SUP), instopt:0x00, threadId:0x00000000, mars:0x00(OFF)
State change: Connecting -> SentPrelogin

Received
  type:0x04(TABULAR_RESULT), status:0x01(EOM), length:0x002B, spid:0x0000, packetId:0x01, window:0x00
  0000  00001A00 06010020 00010200 21000103 00220000 04002200 01FF0C00 14570000  ....... ....!... ."....". .....W..
  0020  020000  ...
  PreLogin - version:12.0.20.87 0, encryption:0x02(NOT_SUP), instopt:0x00, threadId:0x00000000, mars:0x00(OFF)

Sent
  type:0x10(LOGIN7), status:0x01(EOM), length:0x012A, spid:0x0000, packetId:0x01, window:0x00
  0000  22010000 04000074 00100000 00000000 D27A0000 00000000 E0000008 88FFFFFF  "......t........ .z...... ........
  0020  09040000 5E002200 A2001000 C2000900 D4000A00 E8000C00 00010000 00010700  ....^.". ........ ........ ........
  0040  0E010000 0E010A00 01020304 05062201 00002201 00002201 00000000 00006600  ........ ......". .."...". ......f.
  0060  6C006F00 6F007200 36002D00 48005000 2D004300 6F006D00 70006100 71002D00  l.o.o.r. 6.-.H.P. -.C.o.m. p.a.q.-.
  0080  38003000 30003000 2D004500 6C006900 74006500 2D004300 4D005400 2D005000  8.0.0.0. -.E.l.i. t.e.-.C. M.T.-.P.
  00A0  43006100 70006100 6E006100 67006900 6F007400 6F007000 6F007500 6C006F00  C.a.p.a. n.a.g.i. o.t.o.p. o.u.l.o.
  00C0  7300B3A5 92A5E3A5 B0A5D0A5 F1A5B6A5 A1A5C6A5 6E006F00 64006500 2D006D00  s....... ........ ....n.o. d.e.-.m.
  00E0  73007300 71006C00 31003000 2E003100 30002E00 37003600 2E003100 31003500  s.s.q.l. 1.0...1. 0...7.6. ..1.1.5.
  0100  54006500 64006900 6F007500 73004D00 49005300 5F004400 42005F00 44004500  T.e.d.i. o.u.s.M. I.S._.D. B._.D.E.
  0120  5600  V.
  Login7 - TDS:0x74000004, PacketSize:0x00001000, ClientProgVer:0x00000000, ClientPID:0x00007AD2, ConnectionID:0x00000000
           Flags1:0xE0, Flags2:0x00, TypeFlags:0x00, Flags3:0x08, ClientTimezone:-120, ClientLCID:0x00000409
           Hostname:'floor6-HP-Compaq-8000-Elite-CMT-PC', Username:'apanagiotopoulos', Password:'asdQWE1@6', AppName:'node-mssql', ServerName:'10.10.76.115', LibraryName:'Tedious'
           Language:'undefined', Database:'MIS_DB_DEV', SSPI:'', AttachDbFile:'', ChangePassword:''
State change: SentPrelogin -> SentLogin7WithStandardLogin

Received
  type:0x04(TABULAR_RESULT), status:0x01(EOM), length:0x01C1, spid:0x0073, packetId:0x01, window:0x00
  0000  E3230001 0A4D0049 0053005F 00440042 005F0044 00450056 00066D00 61007300  .#...M.I.S._.D.B._.D.E.V..m.a.s.
  0020  74006500 7200AB88 00451600 00020029 00430068 0061006E 00670065 00640020  t.e.r... .E.....).C.h.a.n.g.e.d. 
  0040  00640061 00740061 00620061 00730065 00200063 006F006E 00740065 00780074  .d.a.t.a.b.a.s.e. .c.o.n.t.e.x.t
  0060  00200074 006F0020 0027004D 00490053 005F0044 0042005F 00440045 00560027  . .t.o. .'.M.I.S._.D.B._.D.E.V.'
  0080  002E0014 53005400 41004700 49004E00 47002D00 44004200 5C005300 54004100  ....S.T. A.G.I.N. G.-.D.B. \.S.T.A.
  00A0  47004900 4E004700 44004200 00010000 00E30800 07050804 D0000000 E3170002  G.I.N.G. D.B..... ........ ........
  00C0  0A750073 005F0065 006E0067 006C0069 00730068 0000AB84 00471600 00010027  .u.s._.e.n.g.l.i.s.h.... .G.....'
  00E0  00430068 0061006E 00670065 00640020 006C0061 006E0067 00750061 00670065  .C.h.a.n.g.e.d. .l.a.n.g.u.a.g.e
  0100  00200073 00650074 00740069 006E0067 00200074 006F0020 00750073 005F0065  . .s.e.t.t.i.n.g. .t.o. .u.s._.e
  0120  006E0067 006C0069 00730068 002E0014 53005400 41004700 49004E00 47002D00  .n.g.l.i.s.h.... S.T.A.G. I.N.G.-.
  0140  44004200 5C005300 54004100 47004900 4E004700 44004200 00010000 00AD3600  D.B.\.S. T.A.G.I. N.G.D.B. ......6.
  0160  01740000 04164D00 69006300 72006F00 73006F00 66007400 20005300 51004C00  .t....M. i.c.r.o. s.o.f.t.  .S.Q.L.
  0180  20005300 65007200 76006500 72000000 00000C00 1457E313 00040434 00300039   .S.e.r. v.e.r... .....W.. ...4.0.9
  01A0  00360004 34003000 39003600 FD000000 00000000 00000000 00  .6..4.0. 9.6..... ........ .
Packet size changed from 4096 to 4096
State change: SentLogin7WithStandardLogin -> LoggedInSendingInitialSql

Sent
  type:0x01(SQL_BATCH), status:0x01(EOM), length:0x0334, spid:0x0000, packetId:0x01, window:0x00
  0000  16000000 12000000 02000000 00000000 00000100 00007300 65007400 20007400  ........ ........ ......s. e.t. .t.
  0020  65007800 74007300 69007A00 65002000 32003100 34003700 34003800 33003600  e.x.t.s. i.z.e. . 2.1.4.7. 4.8.3.6.
  0040  34003700 0A007300 65007400 20007100 75006F00 74006500 64005F00 69006400  4.7...s. e.t. .q. u.o.t.e. d._.i.d.
  0060  65006E00 74006900 66006900 65007200 20006F00 6E000A00 73006500 74002000  e.n.t.i. f.i.e.r.  .o.n... s.e.t. .
  0080  61007200 69007400 68006100 62006F00 72007400 20006F00 66006600 0A007300  a.r.i.t. h.a.b.o. r.t. .o. f.f...s.
  00A0  65007400 20006E00 75006D00 65007200 69006300 5F007200 6F007500 6E006400  e.t. .n. u.m.e.r. i.c._.r. o.u.n.d.
  00C0  61006200 6F007200 74002000 6F006600 66000A00 73006500 74002000 61006E00  a.b.o.r. t. .o.f. f...s.e. t. .a.n.
  00E0  73006900 5F007700 61007200 6E006900 6E006700 73002000 6F006E00 0A007300  s.i._.w. a.r.n.i. n.g.s. . o.n...s.
  0100  65007400 20006100 6E007300 69005F00 70006100 64006400 69006E00 67002000  e.t. .a. n.s.i._. p.a.d.d. i.n.g. .
  0120  6F006E00 0A007300 65007400 20006100 6E007300 69005F00 6E007500 6C006C00  o.n...s. e.t. .a. n.s.i._. n.u.l.l.
  0140  73002000 6F006E00 0A007300 65007400 20006100 6E007300 69005F00 6E007500  s. .o.n. ..s.e.t.  .a.n.s. i._.n.u.
  0160  6C006C00 5F006400 66006C00 74005F00 6F006E00 20006F00 6E000A00 73006500  l.l._.d. f.l.t._. o.n. .o. n...s.e.
  0180  74002000 63006F00 6E006300 61007400 5F006E00 75006C00 6C005F00 79006900  t. .c.o. n.c.a.t. _.n.u.l. l._.y.i.
  01A0  65006C00 64007300 5F006E00 75006C00 6C002000 6F006E00 0A007300 65007400  e.l.d.s. _.n.u.l. l. .o.n. ..s.e.t.
  01C0  20006300 75007200 73006F00 72005F00 63006C00 6F007300 65005F00 6F006E00   .c.u.r. s.o.r._. c.l.o.s. e._.o.n.
  01E0  5F006300 6F006D00 6D006900 74002000 6F006600 66000A00 73006500 74002000  _.c.o.m. m.i.t. . o.f.f... s.e.t. .
  0200  69006D00 70006C00 69006300 69007400 5F007400 72006100 6E007300 61006300  i.m.p.l. i.c.i.t. _.t.r.a. n.s.a.c.
  0220  74006900 6F006E00 73002000 6F006600 66000A00 73006500 74002000 6C006100  t.i.o.n. s. .o.f. f...s.e. t. .l.a.
  0240  6E006700 75006100 67006500 20007500 73005F00 65006E00 67006C00 69007300  n.g.u.a. g.e. .u. s._.e.n. g.l.i.s.
  0260  68000A00 73006500 74002000 64006100 74006500 66006F00 72006D00 61007400  h...s.e. t. .d.a. t.e.f.o. r.m.a.t.
  0280  20006D00 64007900 0A007300 65007400 20006400 61007400 65006600 69007200   .m.d.y. ..s.e.t.  .d.a.t. e.f.i.r.
  02A0  73007400 20003700 0A007300 65007400 20007400 72006100 6E007300 61006300  s.t. .7. ..s.e.t.  .t.r.a. n.s.a.c.
  02C0  74006900 6F006E00 20006900 73006F00 6C006100 74006900 6F006E00 20006C00  t.i.o.n.  .i.s.o. l.a.t.i. o.n. .l.
  02E0  65007600 65006C00 20007200 65006100 64002000 63006F00 6D006D00 69007400  e.v.e.l.  .r.e.a. d. .c.o. m.m.i.t.
  0300  74006500 64000A00 73006500 74002000 78006100 63007400 5F006100 62006F00  t.e.d... s.e.t. . x.a.c.t. _.a.b.o.
  0320  72007400 20006F00 66006600   r.t. .o. f.f.

Received
  type:0x04(TABULAR_RESULT), status:0x01(EOM), length:0x0180, spid:0x0073, packetId:0x01, window:0x00
  0000  FD0100BE 00000000 00000000 00FD0100 BA000000 00000000 0000FD01 00BA0000  ........ ........ ........ ........
  0020  00000000 000000FD 0100B900 00000000 00000000 FD0100B9 00000000 00000000  ........ ........ ........ ........
  0040  00FD0100 B9000000 00000000 0000FD01 00B90000 00000000 000000FD 0100B900  ........ ........ ........ ........
  0060  00000000 00000000 FD0100BA 00000000 00000000 00FD0100 BA000000 00000000  ........ ........ ........ ........
  0080  0000E32B 00020A75 0073005F 0065006E 0067006C 00690073 0068000A 75007300  ...+...u.s._.e.n.g.l.i.s.h..u.s.
  00A0  5F006500 6E006700 6C006900 73006800 AB840047 16000001 00270043 00680061  _.e.n.g. l.i.s.h. ...G.... .'.C.h.a
  00C0  006E0067 00650064 0020006C 0061006E 00670075 00610067 00650020 00730065  .n.g.e.d. .l.a.n.g.u.a.g.e. .s.e
  00E0  00740074 0069006E 00670020 0074006F 00200075 0073005F 0065006E 0067006C  .t.t.i.n.g. .t.o. .u.s._.e.n.g.l
  0100  00690073 0068002E 00145300 54004100 47004900 4E004700 2D004400 42005C00  .i.s.h....S.T.A. G.I.N.G. -.D.B.\.
  0120  53005400 41004700 49004E00 47004400 4200000C 000000FD 0100F900 00000000  S.T.A.G. I.N.G.D. B....... ........
  0140  00000000 FD0100F9 00000000 00000000 00FD0100 F9000000 00000000 0000FD01  ........ ........ ........ ........
  0160  00F90000 00000000 000000FD 0000BA00 00000000 00000000   ........ ........ ........ 
State change: LoggedInSendingInitialSql -> LoggedIn

Sent
  type:0x03(RPC_REQUEST), status:0x01(EOM), length:0x016C, spid:0x0000, packetId:0x01, window:0x00
  0000  16000000 12000000 02000000 00000000 00000100 00000D00 73007000 5F006500  ........ ........ ........ s.p._.e.
  0020  78006500 63007500 74006500 73007100 6C000000 0A400073 00740061 00740065  x.e.c.u. t.e.s.q. l....@.s.t.a.t.e
  0040  006D0065 006E0074 0000E710 01000000 00001001 69006E00 73006500 72007400  .m.e.n.t........ ....i.n. s.e.r.t.
  0060  20006900 6E007400 6F002000 49006E00 76006900 74006100 74006900 6F006E00   .i.n.t. o. .I.n. v.i.t.a. t.i.o.n.
  0080  5F004300 61006C00 6C005000 68006100 73006500 5F004400 61007400 65002000  _.C.a.l. l.P.h.a. s.e._.D. a.t.e. .
  00A0  28004900 6E007600 69007400 61007400 69006F00 6E004900 44002C00 20004300  (.I.n.v. i.t.a.t. i.o.n.I. D.,. .C.
  00C0  61006C00 6C005000 68006100 73006500 49004400 2C002000 69007300 41006300  a.l.l.P. h.a.s.e. I.D.,. . i.s.A.c.
  00E0  74006900 76006500 2C002000 53007400 61007200 74004400 61007400 65002C00  t.i.v.e. ,. .S.t. a.r.t.D. a.t.e.,.
  0100  20004500 6E006400 44006100 74006500 29007600 61006C00 75006500 73002000   .E.n.d. D.a.t.e. ).v.a.l. u.e.s. .
  0120  28003100 2C002000 34002C00 20003000 2C002000 27003400 2F003500 2F003100  (.1.,. . 4.,. .0. ,. .'.4. /.5./.1.
  0140  39003900 36002700 2C002000 27003500 2F003500 2F003200 30003000 30002700  9.9.6.'. ,. .'.5. /.5./.2. 0.0.0.'.
  0160  29002000   ). .
  RPC Request - sp_executesql
State change: LoggedIn -> SentClientRequest

Received
  type:0x04(TABULAR_RESULT), status:0x01(EOM), length:0x0027, spid:0x0073, packetId:0x01, window:0x00
  0000  FF1100C3 00010000 00000000 00790000 0000FE00 00E00000 00000000 000000  ........ .....y.. ........ .......
State change: SentClientRequest -> LoggedIn
State change: LoggedIn -> Final
connection to 10.10.76.115:undefined closed
State is already Final
connected to 10.10.76.115:undefined

Sent
  type:0x12(PRELOGIN), status:0x01(EOM), length:0x002F, spid:0x0000, packetId:0x01, window:0x00
  0000  00001A00 06010020 00010200 21000103 00220004 04002600 01FF0000 00010001  ....... ....!... ."....&. ........
  0020  02000000 000000  .......
  PreLogin - version:0.0.0.1 1, encryption:0x02(NOT_SUP), instopt:0x00, threadId:0x00000000, mars:0x00(OFF)
State change: Connecting -> SentPrelogin

Received
  type:0x04(TABULAR_RESULT), status:0x01(EOM), length:0x002B, spid:0x0000, packetId:0x01, window:0x00
  0000  00001A00 06010020 00010200 21000103 00220000 04002200 01FF0C00 14570000  ....... ....!... ."....". .....W..
  0020  020000  ...
  PreLogin - version:12.0.20.87 0, encryption:0x02(NOT_SUP), instopt:0x00, threadId:0x00000000, mars:0x00(OFF)

Sent
  type:0x10(LOGIN7), status:0x01(EOM), length:0x012A, spid:0x0000, packetId:0x01, window:0x00
  0000  22010000 04000074 00100000 00000000 D27A0000 00000000 E0000008 88FFFFFF  "......t........ .z...... ........
  0020  09040000 5E002200 A2001000 C2000900 D4000A00 E8000C00 00010000 00010700  ....^.". ........ ........ ........
  0040  0E010000 0E010A00 01020304 05062201 00002201 00002201 00000000 00006600  ........ ......". .."...". ......f.
  0060  6C006F00 6F007200 36002D00 48005000 2D004300 6F006D00 70006100 71002D00  l.o.o.r. 6.-.H.P. -.C.o.m. p.a.q.-.
  0080  38003000 30003000 2D004500 6C006900 74006500 2D004300 4D005400 2D005000  8.0.0.0. -.E.l.i. t.e.-.C. M.T.-.P.
  00A0  43006100 70006100 6E006100 67006900 6F007400 6F007000 6F007500 6C006F00  C.a.p.a. n.a.g.i. o.t.o.p. o.u.l.o.
  00C0  7300B3A5 92A5E3A5 B0A5D0A5 F1A5B6A5 A1A5C6A5 6E006F00 64006500 2D006D00  s....... ........ ....n.o. d.e.-.m.
  00E0  73007300 71006C00 31003000 2E003100 30002E00 37003600 2E003100 31003500  s.s.q.l. 1.0...1. 0...7.6. ..1.1.5.
  0100  54006500 64006900 6F007500 73004D00 49005300 5F004400 42005F00 44004500  T.e.d.i. o.u.s.M. I.S._.D. B._.D.E.
  0120  5600  V.
  Login7 - TDS:0x74000004, PacketSize:0x00001000, ClientProgVer:0x00000000, ClientPID:0x00007AD2, ConnectionID:0x00000000
           Flags1:0xE0, Flags2:0x00, TypeFlags:0x00, Flags3:0x08, ClientTimezone:-120, ClientLCID:0x00000409
           Hostname:'floor6-HP-Compaq-8000-Elite-CMT-PC', Username:'apanagiotopoulos', Password:'asdQWE1@6', AppName:'node-mssql', ServerName:'10.10.76.115', LibraryName:'Tedious'
           Language:'undefined', Database:'MIS_DB_DEV', SSPI:'', AttachDbFile:'', ChangePassword:''
State change: SentPrelogin -> SentLogin7WithStandardLogin

Received
  type:0x04(TABULAR_RESULT), status:0x01(EOM), length:0x01C1, spid:0x00B9, packetId:0x01, window:0x00
  0000  E3230001 0A4D0049 0053005F 00440042 005F0044 00450056 00066D00 61007300  .#...M.I.S._.D.B._.D.E.V..m.a.s.
  0020  74006500 7200AB88 00451600 00020029 00430068 0061006E 00670065 00640020  t.e.r... .E.....).C.h.a.n.g.e.d. 
  0040  00640061 00740061 00620061 00730065 00200063 006F006E 00740065 00780074  .d.a.t.a.b.a.s.e. .c.o.n.t.e.x.t
  0060  00200074 006F0020 0027004D 00490053 005F0044 0042005F 00440045 00560027  . .t.o. .'.M.I.S._.D.B._.D.E.V.'
  0080  002E0014 53005400 41004700 49004E00 47002D00 44004200 5C005300 54004100  ....S.T. A.G.I.N. G.-.D.B. \.S.T.A.
  00A0  47004900 4E004700 44004200 00010000 00E30800 07050804 D0000000 E3170002  G.I.N.G. D.B..... ........ ........
  00C0  0A750073 005F0065 006E0067 006C0069 00730068 0000AB84 00471600 00010027  .u.s._.e.n.g.l.i.s.h.... .G.....'
  00E0  00430068 0061006E 00670065 00640020 006C0061 006E0067 00750061 00670065  .C.h.a.n.g.e.d. .l.a.n.g.u.a.g.e
  0100  00200073 00650074 00740069 006E0067 00200074 006F0020 00750073 005F0065  . .s.e.t.t.i.n.g. .t.o. .u.s._.e
  0120  006E0067 006C0069 00730068 002E0014 53005400 41004700 49004E00 47002D00  .n.g.l.i.s.h.... S.T.A.G. I.N.G.-.
  0140  44004200 5C005300 54004100 47004900 4E004700 44004200 00010000 00AD3600  D.B.\.S. T.A.G.I. N.G.D.B. ......6.
  0160  01740000 04164D00 69006300 72006F00 73006F00 66007400 20005300 51004C00  .t....M. i.c.r.o. s.o.f.t.  .S.Q.L.
  0180  20005300 65007200 76006500 72000000 00000C00 1457E313 00040434 00300039   .S.e.r. v.e.r... .....W.. ...4.0.9
  01A0  00360004 34003000 39003600 FD000000 00000000 00000000 00  .6..4.0. 9.6..... ........ .
Packet size changed from 4096 to 4096
State change: SentLogin7WithStandardLogin -> LoggedInSendingInitialSql

Sent
  type:0x01(SQL_BATCH), status:0x01(EOM), length:0x0334, spid:0x0000, packetId:0x01, window:0x00
  0000  16000000 12000000 02000000 00000000 00000100 00007300 65007400 20007400  ........ ........ ......s. e.t. .t.
  0020  65007800 74007300 69007A00 65002000 32003100 34003700 34003800 33003600  e.x.t.s. i.z.e. . 2.1.4.7. 4.8.3.6.
  0040  34003700 0A007300 65007400 20007100 75006F00 74006500 64005F00 69006400  4.7...s. e.t. .q. u.o.t.e. d._.i.d.
  0060  65006E00 74006900 66006900 65007200 20006F00 6E000A00 73006500 74002000  e.n.t.i. f.i.e.r.  .o.n... s.e.t. .
  0080  61007200 69007400 68006100 62006F00 72007400 20006F00 66006600 0A007300  a.r.i.t. h.a.b.o. r.t. .o. f.f...s.
  00A0  65007400 20006E00 75006D00 65007200 69006300 5F007200 6F007500 6E006400  e.t. .n. u.m.e.r. i.c._.r. o.u.n.d.
  00C0  61006200 6F007200 74002000 6F006600 66000A00 73006500 74002000 61006E00  a.b.o.r. t. .o.f. f...s.e. t. .a.n.
  00E0  73006900 5F007700 61007200 6E006900 6E006700 73002000 6F006E00 0A007300  s.i._.w. a.r.n.i. n.g.s. . o.n...s.
  0100  65007400 20006100 6E007300 69005F00 70006100 64006400 69006E00 67002000  e.t. .a. n.s.i._. p.a.d.d. i.n.g. .
  0120  6F006E00 0A007300 65007400 20006100 6E007300 69005F00 6E007500 6C006C00  o.n...s. e.t. .a. n.s.i._. n.u.l.l.
  0140  73002000 6F006E00 0A007300 65007400 20006100 6E007300 69005F00 6E007500  s. .o.n. ..s.e.t.  .a.n.s. i._.n.u.
  0160  6C006C00 5F006400 66006C00 74005F00 6F006E00 20006F00 6E000A00 73006500  l.l._.d. f.l.t._. o.n. .o. n...s.e.
  0180  74002000 63006F00 6E006300 61007400 5F006E00 75006C00 6C005F00 79006900  t. .c.o. n.c.a.t. _.n.u.l. l._.y.i.
  01A0  65006C00 64007300 5F006E00 75006C00 6C002000 6F006E00 0A007300 65007400  e.l.d.s. _.n.u.l. l. .o.n. ..s.e.t.
  01C0  20006300 75007200 73006F00 72005F00 63006C00 6F007300 65005F00 6F006E00   .c.u.r. s.o.r._. c.l.o.s. e._.o.n.
  01E0  5F006300 6F006D00 6D006900 74002000 6F006600 66000A00 73006500 74002000  _.c.o.m. m.i.t. . o.f.f... s.e.t. .
  0200  69006D00 70006C00 69006300 69007400 5F007400 72006100 6E007300 61006300  i.m.p.l. i.c.i.t. _.t.r.a. n.s.a.c.
  0220  74006900 6F006E00 73002000 6F006600 66000A00 73006500 74002000 6C006100  t.i.o.n. s. .o.f. f...s.e. t. .l.a.
  0240  6E006700 75006100 67006500 20007500 73005F00 65006E00 67006C00 69007300  n.g.u.a. g.e. .u. s._.e.n. g.l.i.s.
  0260  68000A00 73006500 74002000 64006100 74006500 66006F00 72006D00 61007400  h...s.e. t. .d.a. t.e.f.o. r.m.a.t.
  0280  20006D00 64007900 0A007300 65007400 20006400 61007400 65006600 69007200   .m.d.y. ..s.e.t.  .d.a.t. e.f.i.r.
  02A0  73007400 20003700 0A007300 65007400 20007400 72006100 6E007300 61006300  s.t. .7. ..s.e.t.  .t.r.a. n.s.a.c.
  02C0  74006900 6F006E00 20006900 73006F00 6C006100 74006900 6F006E00 20006C00  t.i.o.n.  .i.s.o. l.a.t.i. o.n. .l.
  02E0  65007600 65006C00 20007200 65006100 64002000 63006F00 6D006D00 69007400  e.v.e.l.  .r.e.a. d. .c.o. m.m.i.t.
  0300  74006500 64000A00 73006500 74002000 78006100 63007400 5F006100 62006F00  t.e.d... s.e.t. . x.a.c.t. _.a.b.o.
  0320  72007400 20006F00 66006600   r.t. .o. f.f.

Received
  type:0x04(TABULAR_RESULT), status:0x01(EOM), length:0x0180, spid:0x00B9, packetId:0x01, window:0x00
  0000  FD0100BE 00000000 00000000 00FD0100 BA000000 00000000 0000FD01 00BA0000  ........ ........ ........ ........
  0020  00000000 000000FD 0100B900 00000000 00000000 FD0100B9 00000000 00000000  ........ ........ ........ ........
  0040  00FD0100 B9000000 00000000 0000FD01 00B90000 00000000 000000FD 0100B900  ........ ........ ........ ........
  0060  00000000 00000000 FD0100BA 00000000 00000000 00FD0100 BA000000 00000000  ........ ........ ........ ........
  0080  0000E32B 00020A75 0073005F 0065006E 0067006C 00690073 0068000A 75007300  ...+...u.s._.e.n.g.l.i.s.h..u.s.
  00A0  5F006500 6E006700 6C006900 73006800 AB840047 16000001 00270043 00680061  _.e.n.g. l.i.s.h. ...G.... .'.C.h.a
  00C0  006E0067 00650064 0020006C 0061006E 00670075 00610067 00650020 00730065  .n.g.e.d. .l.a.n.g.u.a.g.e. .s.e
  00E0  00740074 0069006E 00670020 0074006F 00200075 0073005F 0065006E 0067006C  .t.t.i.n.g. .t.o. .u.s._.e.n.g.l
  0100  00690073 0068002E 00145300 54004100 47004900 4E004700 2D004400 42005C00  .i.s.h....S.T.A. G.I.N.G. -.D.B.\.
  0120  53005400 41004700 49004E00 47004400 4200000C 000000FD 0100F900 00000000  S.T.A.G. I.N.G.D. B....... ........
  0140  00000000 FD0100F9 00000000 00000000 00FD0100 F9000000 00000000 0000FD01  ........ ........ ........ ........
  0160  00F90000 00000000 000000FD 0000BA00 00000000 00000000   ........ ........ ........ 
State change: LoggedInSendingInitialSql -> LoggedIn

Sent
  type:0x03(RPC_REQUEST), status:0x01(EOM), length:0x00AA, spid:0x0000, packetId:0x01, window:0x00
  0000  16000000 12000000 02000000 00000000 00000100 00000D00 73007000 5F006500  ........ ........ ........ s.p._.e.
  0020  78006500 63007500 74006500 73007100 6C000000 0A400073 00740061 00740065  x.e.c.u. t.e.s.q. l....@.s.t.a.t.e
  0040  006D0065 006E0074 0000E74E 00000000 00004E00 73006500 6C006500 63007400  .m.e.n.t...N.... ..N.s.e. l.e.c.t.
  0060  20004E00 61006D00 65002000 66007200 6F006D00 20004900 6E007600 69007400   .N.a.m. e. .f.r. o.m. .I. n.v.i.t.
  0080  61007400 69006F00 6E002000 77006800 65007200 65002000 49004400 3D003100  a.t.i.o. n. .w.h. e.r.e. . I.D.=.1.
  00A0  3B00  ;.
  RPC Request - sp_executesql
State change: LoggedIn -> SentClientRequest
connected to 10.10.76.115:undefined

Sent
  type:0x12(PRELOGIN), status:0x01(EOM), length:0x002F, spid:0x0000, packetId:0x01, window:0x00
  0000  00001A00 06010020 00010200 21000103 00220004 04002600 01FF0000 00010001  ....... ....!... ."....&. ........
  0020  02000000 000000  .......
  PreLogin - version:0.0.0.1 1, encryption:0x02(NOT_SUP), instopt:0x00, threadId:0x00000000, mars:0x00(OFF)
State change: Connecting -> SentPrelogin

Received
  type:0x04(TABULAR_RESULT), status:0x01(EOM), length:0x0054, spid:0x00B9, packetId:0x01, window:0x00
  0000  81010000 00000009 00A7FF00 0804D000 00044E00 61006D00 6500D110 00CDDDE5  ........ ........ ..N.a.m. e.......
  0020  F220D4EF F5F1E9F3 F4E9EADD F2FF1100 C1000100 00000000 00007900 000000FE  . ...... ........ ........ ..y.....
  0040  0000E000 00000000 00000000   ........ ....
State change: SentClientRequest -> LoggedIn

Sent
  type:0x03(RPC_REQUEST), status:0x01(EOM), length:0x00D8, spid:0x0000, packetId:0x01, window:0x00
  0000  16000000 12000000 02000000 00000000 00000100 00000D00 73007000 5F006500  ........ ........ ........ s.p._.e.
  0020  78006500 63007500 74006500 73007100 6C000000 0A400073 00740061 00740065  x.e.c.u. t.e.s.q. l....@.s.t.a.t.e
  0040  006D0065 006E0074 0000E77C 00000000 00007C00 73006500 6C006500 63007400  .m.e.n.t...|.... ..|.s.e. l.e.c.t.
  0060  20002A00 20006600 72006F00 6D002000 49006E00 76006900 74006100 74006900   .*. .f. r.o.m. . I.n.v.i. t.a.t.i.
  0080  6F006E00 5F004300 61006C00 6C005000 68006100 73006500 5F004400 61007400  o.n._.C. a.l.l.P. h.a.s.e. _.D.a.t.
  00A0  65002000 77006800 65007200 65002000 49006E00 76006900 74006100 74006900  e. .w.h. e.r.e. . I.n.v.i. t.a.t.i.
  00C0  6F006E00 49004400 20003D00 20003100   o.n.I.D.  .=. .1. 
  RPC Request - sp_executesql
State change: LoggedIn -> SentClientRequest

Received
  type:0x04(TABULAR_RESULT), status:0x01(EOM), length:0x002B, spid:0x0000, packetId:0x01, window:0x00
  0000  00001A00 06010020 00010200 21000103 00220000 04002200 01FF0C00 14570000  ....... ....!... ."....". .....W..
  0020  020000  ...
  PreLogin - version:12.0.20.87 0, encryption:0x02(NOT_SUP), instopt:0x00, threadId:0x00000000, mars:0x00(OFF)

Sent
  type:0x10(LOGIN7), status:0x01(EOM), length:0x012A, spid:0x0000, packetId:0x01, window:0x00
  0000  22010000 04000074 00100000 00000000 D27A0000 00000000 E0000008 88FFFFFF  "......t........ .z...... ........
  0020  09040000 5E002200 A2001000 C2000900 D4000A00 E8000C00 00010000 00010700  ....^.". ........ ........ ........
  0040  0E010000 0E010A00 01020304 05062201 00002201 00002201 00000000 00006600  ........ ......". .."...". ......f.
  0060  6C006F00 6F007200 36002D00 48005000 2D004300 6F006D00 70006100 71002D00  l.o.o.r. 6.-.H.P. -.C.o.m. p.a.q.-.
  0080  38003000 30003000 2D004500 6C006900 74006500 2D004300 4D005400 2D005000  8.0.0.0. -.E.l.i. t.e.-.C. M.T.-.P.
  00A0  43006100 70006100 6E006100 67006900 6F007400 6F007000 6F007500 6C006F00  C.a.p.a. n.a.g.i. o.t.o.p. o.u.l.o.
  00C0  7300B3A5 92A5E3A5 B0A5D0A5 F1A5B6A5 A1A5C6A5 6E006F00 64006500 2D006D00  s....... ........ ....n.o. d.e.-.m.
  00E0  73007300 71006C00 31003000 2E003100 30002E00 37003600 2E003100 31003500  s.s.q.l. 1.0...1. 0...7.6. ..1.1.5.
  0100  54006500 64006900 6F007500 73004D00 49005300 5F004400 42005F00 44004500  T.e.d.i. o.u.s.M. I.S._.D. B._.D.E.
  0120  5600  V.
  Login7 - TDS:0x74000004, PacketSize:0x00001000, ClientProgVer:0x00000000, ClientPID:0x00007AD2, ConnectionID:0x00000000
           Flags1:0xE0, Flags2:0x00, TypeFlags:0x00, Flags3:0x08, ClientTimezone:-120, ClientLCID:0x00000409
           Hostname:'floor6-HP-Compaq-8000-Elite-CMT-PC', Username:'apanagiotopoulos', Password:'asdQWE1@6', AppName:'node-mssql', ServerName:'10.10.76.115', LibraryName:'Tedious'
           Language:'undefined', Database:'MIS_DB_DEV', SSPI:'', AttachDbFile:'', ChangePassword:''
State change: SentPrelogin -> SentLogin7WithStandardLogin

Received
  type:0x04(TABULAR_RESULT), status:0x01(EOM), length:0x00DE, spid:0x00B9, packetId:0x01, window:0x00
  0000  81060000 00000010 00380249 00440000 00000008 00380C49 006E0076 00690074  ........ .8.I.D.. .....8.I.n.v.i.t
  0020  00610074 0069006F 006E0049 00440000 00000008 00380B43 0061006C 006C0050  .a.t.i.o.n.I.D.. .....8.C.a.l.l.P
  0040  00680061 00730065 00490044 00000000 00090026 01086900 73004100 63007400  .h.a.s.e.I.D.... ...&..i. s.A.c.t.
  0060  69007600 65000000 00000800 3D095300 74006100 72007400 44006100 74006500  i.v.e... ....=.S. t.a.r.t. D.a.t.e.
  0080  00000000 09006F08 0745006E 00640044 00610074 006500D1 02000000 01000000  ......o. .E.n.d.D.a.t.e.. ........
  00A0  04000000 01005689 00000000 00000829 8F000000 000000FF 1100C100 01000000  ......V. .......)........ ........
  00C0  00000000 79000000 00FE0000 E0000000 00000000 0000  ....y... ........ ......
State change: SentClientRequest -> LoggedIn

Received
  type:0x04(TABULAR_RESULT), status:0x01(EOM), length:0x01C1, spid:0x00BA, packetId:0x01, window:0x00
  0000  E3230001 0A4D0049 0053005F 00440042 005F0044 00450056 00066D00 61007300  .#...M.I.S._.D.B._.D.E.V..m.a.s.
  0020  74006500 7200AB88 00451600 00020029 00430068 0061006E 00670065 00640020  t.e.r... .E.....).C.h.a.n.g.e.d. 
  0040  00640061 00740061 00620061 00730065 00200063 006F006E 00740065 00780074  .d.a.t.a.b.a.s.e. .c.o.n.t.e.x.t
  0060  00200074 006F0020 0027004D 00490053 005F0044 0042005F 00440045 00560027  . .t.o. .'.M.I.S._.D.B._.D.E.V.'
  0080  002E0014 53005400 41004700 49004E00 47002D00 44004200 5C005300 54004100  ....S.T. A.G.I.N. G.-.D.B. \.S.T.A.
  00A0  47004900 4E004700 44004200 00010000 00E30800 07050804 D0000000 E3170002  G.I.N.G. D.B..... ........ ........
  00C0  0A750073 005F0065 006E0067 006C0069 00730068 0000AB84 00471600 00010027  .u.s._.e.n.g.l.i.s.h.... .G.....'
  00E0  00430068 0061006E 00670065 00640020 006C0061 006E0067 00750061 00670065  .C.h.a.n.g.e.d. .l.a.n.g.u.a.g.e
  0100  00200073 00650074 00740069 006E0067 00200074 006F0020 00750073 005F0065  . .s.e.t.t.i.n.g. .t.o. .u.s._.e
  0120  006E0067 006C0069 00730068 002E0014 53005400 41004700 49004E00 47002D00  .n.g.l.i.s.h.... S.T.A.G. I.N.G.-.
  0140  44004200 5C005300 54004100 47004900 4E004700 44004200 00010000 00AD3600  D.B.\.S. T.A.G.I. N.G.D.B. ......6.
  0160  01740000 04164D00 69006300 72006F00 73006F00 66007400 20005300 51004C00  .t....M. i.c.r.o. s.o.f.t.  .S.Q.L.
  0180  20005300 65007200 76006500 72000000 00000C00 1457E313 00040434 00300039   .S.e.r. v.e.r... .....W.. ...4.0.9
  01A0  00360004 34003000 39003600 FD000000 00000000 00000000 00  .6..4.0. 9.6..... ........ .
Packet size changed from 4096 to 4096
State change: SentLogin7WithStandardLogin -> LoggedInSendingInitialSql

Sent
  type:0x01(SQL_BATCH), status:0x01(EOM), length:0x0334, spid:0x0000, packetId:0x01, window:0x00
  0000  16000000 12000000 02000000 00000000 00000100 00007300 65007400 20007400  ........ ........ ......s. e.t. .t.
  0020  65007800 74007300 69007A00 65002000 32003100 34003700 34003800 33003600  e.x.t.s. i.z.e. . 2.1.4.7. 4.8.3.6.
  0040  34003700 0A007300 65007400 20007100 75006F00 74006500 64005F00 69006400  4.7...s. e.t. .q. u.o.t.e. d._.i.d.
  0060  65006E00 74006900 66006900 65007200 20006F00 6E000A00 73006500 74002000  e.n.t.i. f.i.e.r.  .o.n... s.e.t. .
  0080  61007200 69007400 68006100 62006F00 72007400 20006F00 66006600 0A007300  a.r.i.t. h.a.b.o. r.t. .o. f.f...s.
  00A0  65007400 20006E00 75006D00 65007200 69006300 5F007200 6F007500 6E006400  e.t. .n. u.m.e.r. i.c._.r. o.u.n.d.
  00C0  61006200 6F007200 74002000 6F006600 66000A00 73006500 74002000 61006E00  a.b.o.r. t. .o.f. f...s.e. t. .a.n.
  00E0  73006900 5F007700 61007200 6E006900 6E006700 73002000 6F006E00 0A007300  s.i._.w. a.r.n.i. n.g.s. . o.n...s.
  0100  65007400 20006100 6E007300 69005F00 70006100 64006400 69006E00 67002000  e.t. .a. n.s.i._. p.a.d.d. i.n.g. .
  0120  6F006E00 0A007300 65007400 20006100 6E007300 69005F00 6E007500 6C006C00  o.n...s. e.t. .a. n.s.i._. n.u.l.l.
  0140  73002000 6F006E00 0A007300 65007400 20006100 6E007300 69005F00 6E007500  s. .o.n. ..s.e.t.  .a.n.s. i._.n.u.
  0160  6C006C00 5F006400 66006C00 74005F00 6F006E00 20006F00 6E000A00 73006500  l.l._.d. f.l.t._. o.n. .o. n...s.e.
  0180  74002000 63006F00 6E006300 61007400 5F006E00 75006C00 6C005F00 79006900  t. .c.o. n.c.a.t. _.n.u.l. l._.y.i.
  01A0  65006C00 64007300 5F006E00 75006C00 6C002000 6F006E00 0A007300 65007400  e.l.d.s. _.n.u.l. l. .o.n. ..s.e.t.
  01C0  20006300 75007200 73006F00 72005F00 63006C00 6F007300 65005F00 6F006E00   .c.u.r. s.o.r._. c.l.o.s. e._.o.n.
  01E0  5F006300 6F006D00 6D006900 74002000 6F006600 66000A00 73006500 74002000  _.c.o.m. m.i.t. . o.f.f... s.e.t. .
  0200  69006D00 70006C00 69006300 69007400 5F007400 72006100 6E007300 61006300  i.m.p.l. i.c.i.t. _.t.r.a. n.s.a.c.
  0220  74006900 6F006E00 73002000 6F006600 66000A00 73006500 74002000 6C006100  t.i.o.n. s. .o.f. f...s.e. t. .l.a.
  0240  6E006700 75006100 67006500 20007500 73005F00 65006E00 67006C00 69007300  n.g.u.a. g.e. .u. s._.e.n. g.l.i.s.
  0260  68000A00 73006500 74002000 64006100 74006500 66006F00 72006D00 61007400  h...s.e. t. .d.a. t.e.f.o. r.m.a.t.
  0280  20006D00 64007900 0A007300 65007400 20006400 61007400 65006600 69007200   .m.d.y. ..s.e.t.  .d.a.t. e.f.i.r.
  02A0  73007400 20003700 0A007300 65007400 20007400 72006100 6E007300 61006300  s.t. .7. ..s.e.t.  .t.r.a. n.s.a.c.
  02C0  74006900 6F006E00 20006900 73006F00 6C006100 74006900 6F006E00 20006C00  t.i.o.n.  .i.s.o. l.a.t.i. o.n. .l.
  02E0  65007600 65006C00 20007200 65006100 64002000 63006F00 6D006D00 69007400  e.v.e.l.  .r.e.a. d. .c.o. m.m.i.t.
  0300  74006500 64000A00 73006500 74002000 78006100 63007400 5F006100 62006F00  t.e.d... s.e.t. . x.a.c.t. _.a.b.o.
  0320  72007400 20006F00 66006600   r.t. .o. f.f.

Received
  type:0x04(TABULAR_RESULT), status:0x01(EOM), length:0x0180, spid:0x00BA, packetId:0x01, window:0x00
  0000  FD0100BE 00000000 00000000 00FD0100 BA000000 00000000 0000FD01 00BA0000  ........ ........ ........ ........
  0020  00000000 000000FD 0100B900 00000000 00000000 FD0100B9 00000000 00000000  ........ ........ ........ ........
  0040  00FD0100 B9000000 00000000 0000FD01 00B90000 00000000 000000FD 0100B900  ........ ........ ........ ........
  0060  00000000 00000000 FD0100BA 00000000 00000000 00FD0100 BA000000 00000000  ........ ........ ........ ........
  0080  0000E32B 00020A75 0073005F 0065006E 0067006C 00690073 0068000A 75007300  ...+...u.s._.e.n.g.l.i.s.h..u.s.
  00A0  5F006500 6E006700 6C006900 73006800 AB840047 16000001 00270043 00680061  _.e.n.g. l.i.s.h. ...G.... .'.C.h.a
  00C0  006E0067 00650064 0020006C 0061006E 00670075 00610067 00650020 00730065  .n.g.e.d. .l.a.n.g.u.a.g.e. .s.e
  00E0  00740074 0069006E 00670020 0074006F 00200075 0073005F 0065006E 0067006C  .t.t.i.n.g. .t.o. .u.s._.e.n.g.l
  0100  00690073 0068002E 00145300 54004100 47004900 4E004700 2D004400 42005C00  .i.s.h....S.T.A. G.I.N.G. -.D.B.\.
  0120  53005400 41004700 49004E00 47004400 4200000C 000000FD 0100F900 00000000  S.T.A.G. I.N.G.D. B....... ........
  0140  00000000 FD0100F9 00000000 00000000 00FD0100 F9000000 00000000 0000FD01  ........ ........ ........ ........
  0160  00F90000 00000000 000000FD 0000BA00 00000000 00000000   ........ ........ ........ 
State change: LoggedInSendingInitialSql -> LoggedIn
State change: LoggedIn -> Final
State change: LoggedIn -> Final
connection to 10.10.76.115:undefined closed
State is already Final
connection to 10.10.76.115:undefined closed
State is already Final
